<?xml version="1.0" encoding="UTF-8"?>
<testsuite name="censusanalyser.CensusAnalyserTest" tests="1" skipped="1" failures="0" errors="0" timestamp="2020-01-07T04:32:43" hostname="admin1-HP-EliteBook-Folio-9480m" time="114.872">
  <properties/>
  <testcase name="givenStateCensusData_WithWrongHeader_ShouldThrowException" classname="censusanalyser.CensusAnalyserTest" time="114.872">
    <skipped/>
  </testcase>
  <system-out><![CDATA[]]></system-out>
  <system-err><![CDATA[]]></system-err>
</testsuite>
